<?xml version="1.0" encoding="UTF-8"?>
<testsuite xmlns:xsi="http://www.w3.org/2001/XMLSchema-instance" xsi:noNamespaceSchemaLocation="https://maven.apache.org/surefire/maven-surefire-plugin/xsd/surefire-test-report.xsd" version="3.0.2" name="com.my_backend_project.backend.BackendApplicationTests" time="30.903" tests="1" errors="0" skipped="0" failures="0">
  <properties>
[...]
</properties>
  <testcase name="contextLoads" classname="com.my_backend_project.backend.BackendApplicationTests" time="8.395">
    <system-out><![CDATA[19:14:35.191 [main] INFO org.springframework.test.context.support.AnnotationConfigContextLoaderUtils -- Could not detect default configuration classes for test class [com.my_backend_project.backend.BackendApplicationTests]: BackendApplicationTests does not declare any static, non-private, non-final, nested classes annotated with @Configuration.
19:14:36.290 [main] INFO org.springframework.boot.test.context.SpringBootTestContextBootstrapper -- Found @SpringBootConfiguration com.my_backend_project.backend.BackendApplication for test class com.my_backend_project.backend.BackendApplicationTests
19:14:37.484 [main] INFO org.springframework.boot.devtools.restart.RestartApplicationListener -- Restart disabled due to context in which it is running

  .   ____          _            __ _ _
 /\\ / ___'_ __ _ _(_)_ __  __ _ \ \ \ \
( ( )\___ | '_ | '_| | '_ \/ _` | \ \ \ \
 \\/  ___)| |_)| | | | | || (_| |  ) ) ) )
  '  |____| .__|_| |_|_| |_\__, | / / / /
 =========|_|==============|___/=/_/_/_/

 :: Spring Boot ::                (v3.4.5)

2025-04-27T19:14:39.272-04:00  INFO 3924 --- [backend] [           main] c.m.backend.BackendApplicationTests      : Starting BackendApplicationTests using Java 21.0.5 with PID 3924 (started by chernysn in C:\Users\chernysn\Documents\GITHUB_COPIES\movie-suggestions\backend)
2025-04-27T19:14:39.280-04:00  INFO 3924 --- [backend] [           main] c.m.backend.BackendApplicationTests      : No active profile set, falling back to 1 default profile: "default"
2025-04-27T19:14:44.574-04:00  INFO 3924 --- [backend] [           main] .s.d.r.c.RepositoryConfigurationDelegate : Bootstrapping Spring Data MongoDB repositories in DEFAULT mode.
2025-04-27T19:14:45.128-04:00  INFO 3924 --- [backend] [           main] .s.d.r.c.RepositoryConfigurationDelegate : Finished Spring Data repository scanning in 493 ms. Found 1 MongoDB repository interface.
2025-04-27T19:14:48.841-04:00  INFO 3924 --- [backend] [5ap.mongodb.net] org.mongodb.driver.cluster               : Adding discovered server ac-5k3cbmq-shard-00-02.ufmn5ap.mongodb.net:27017 to client view of cluster
2025-04-27T19:14:48.888-04:00  INFO 3924 --- [backend] [           main] org.mongodb.driver.client                : MongoClient with metadata {"application": {"name": "movies"}, "driver": {"name": "mongo-java-driver|sync|spring-boot", "version": "5.2.1"}, "os": {"type": "Windows", "name": "Windows 11", "architecture": "amd64", "version": "10.0"}, "platform": "Java/Oracle Corporation/21.0.5+9-LTS-239"} created with settings MongoClientSettings{readPreference=primary, writeConcern=WriteConcern{w=majority, wTimeout=null ms, journal=null}, retryWrites=true, retryReads=true, readConcern=ReadConcern{level=null}, credential=MongoCredential{mechanism=null, userName='chernysn', source='admin', password=<hidden>, mechanismProperties=<hidden>}, transportSettings=null, commandListeners=[], codecRegistry=ProvidersCodecRegistry{codecProviders=[ValueCodecProvider{}, BsonValueCodecProvider{}, DBRefCodecProvider{}, DBObjectCodecProvider{}, DocumentCodecProvider{}, CollectionCodecProvider{}, IterableCodecProvider{}, MapCodecProvider{}, GeoJsonCodecProvider{}, GridFSFileCodecProvider{}, Jsr310CodecProvider{}, JsonObjectCodecProvider{}, BsonCodecProvider{}, EnumCodecProvider{}, com.mongodb.client.model.mql.ExpressionCodecProvider@42d6c12d, com.mongodb.Jep395RecordCodecProvider@3b42121d, com.mongodb.KotlinCodecProvider@7a2ab862]}, loggerSettings=LoggerSettings{maxDocumentLength=1000}, clusterSettings={hosts=[127.0.0.1:27017], srvHost=movies.ufmn5ap.mongodb.net, srvServiceName=mongodb, mode=MULTIPLE, requiredClusterType=REPLICA_SET, requiredReplicaSetName='atlas-djnsze-shard-0', serverSelector='null', clusterListeners='[]', serverSelectionTimeout='30000 ms', localThreshold='15 ms'}, socketSettings=SocketSettings{connectTimeoutMS=10000, readTimeoutMS=0, receiveBufferSize=0, proxySettings=ProxySettings{host=null, port=null, username=null, password=null}}, heartbeatSocketSettings=SocketSettings{connectTimeoutMS=10000, readTimeoutMS=10000, receiveBufferSize=0, proxySettings=ProxySettings{host=null, port=null, username=null, password=null}}, connectionPoolSettings=ConnectionPoolSettings{maxSize=100, minSize=0, maxWaitTimeMS=120000, maxConnectionLifeTimeMS=0, maxConnectionIdleTimeMS=0, maintenanceInitialDelayMS=0, maintenanceFrequencyMS=60000, connectionPoolListeners=[], maxConnecting=2}, serverSettings=ServerSettings{heartbeatFrequencyMS=10000, minHeartbeatFrequencyMS=500, serverMonitoringMode=AUTO, serverListeners='[]', serverMonitorListeners='[]'}, sslSettings=SslSettings{enabled=true, invalidHostNameAllowed=false, context=null}, applicationName='movies', compressorList=[], uuidRepresentation=JAVA_LEGACY, serverApi=null, autoEncryptionSettings=null, dnsClient=null, inetAddressResolver=null, contextProvider=null, timeoutMS=null}
2025-04-27T19:14:49.027-04:00  INFO 3924 --- [backend] [5ap.mongodb.net] org.mongodb.driver.cluster               : Adding discovered server ac-5k3cbmq-shard-00-01.ufmn5ap.mongodb.net:27017 to client view of cluster
2025-04-27T19:14:49.057-04:00  INFO 3924 --- [backend] [5ap.mongodb.net] org.mongodb.driver.cluster               : Adding discovered server ac-5k3cbmq-shard-00-00.ufmn5ap.mongodb.net:27017 to client view of cluster
2025-04-27T19:14:51.705-04:00  INFO 3924 --- [backend] [ngodb.net:27017] org.mongodb.driver.cluster               : Monitor thread successfully connected to server with description ServerDescription{address=ac-5k3cbmq-shard-00-00.ufmn5ap.mongodb.net:27017, type=REPLICA_SET_SECONDARY, cryptd=false, state=CONNECTED, ok=true, minWireVersion=0, maxWireVersion=25, maxDocumentSize=16777216, logicalSessionTimeoutMinutes=30, roundTripTimeNanos=1158661900, minRoundTripTimeNanos=0, setName='atlas-djnsze-shard-0', canonicalAddress=ac-5k3cbmq-shard-00-00.ufmn5ap.mongodb.net:27017, hosts=[ac-5k3cbmq-shard-00-02.ufmn5ap.mongodb.net:27017, ac-5k3cbmq-shard-00-00.ufmn5ap.mongodb.net:27017, ac-5k3cbmq-shard-00-01.ufmn5ap.mongodb.net:27017], passives=[], arbiters=[], primary='ac-5k3cbmq-shard-00-01.ufmn5ap.mongodb.net:27017', tagSet=TagSet{[Tag{name='availabilityZone', value='use1-az4'}, Tag{name='diskState', value='READY'}, Tag{name='nodeType', value='ELECTABLE'}, Tag{name='provider', value='AWS'}, Tag{name='region', value='US_EAST_1'}, Tag{name='workloadType', value='OPERATIONAL'}]}, electionId=null, setVersion=270, topologyVersion=TopologyVersion{processId=67fd6a29f8cb3537606842ad, counter=4}, lastWriteDate=Sun Apr 27 19:14:50 EDT 2025, lastUpdateTimeNanos=814629309965200}
2025-04-27T19:14:51.705-04:00  INFO 3924 --- [backend] [ngodb.net:27017] org.mongodb.driver.cluster               : Monitor thread successfully connected to server with description ServerDescription{address=ac-5k3cbmq-shard-00-01.ufmn5ap.mongodb.net:27017, type=REPLICA_SET_PRIMARY, cryptd=false, state=CONNECTED, ok=true, minWireVersion=0, maxWireVersion=25, maxDocumentSize=16777216, logicalSessionTimeoutMinutes=30, roundTripTimeNanos=1158973200, minRoundTripTimeNanos=0, setName='atlas-djnsze-shard-0', canonicalAddress=ac-5k3cbmq-shard-00-01.ufmn5ap.mongodb.net:27017, hosts=[ac-5k3cbmq-shard-00-02.ufmn5ap.mongodb.net:27017, ac-5k3cbmq-shard-00-00.ufmn5ap.mongodb.net:27017, ac-5k3cbmq-shard-00-01.ufmn5ap.mongodb.net:27017], passives=[], arbiters=[], primary='ac-5k3cbmq-shard-00-01.ufmn5ap.mongodb.net:27017', tagSet=TagSet{[Tag{name='availabilityZone', value='use1-az6'}, Tag{name='diskState', value='READY'}, Tag{name='nodeType', value='ELECTABLE'}, Tag{name='provider', value='AWS'}, Tag{name='region', value='US_EAST_1'}, Tag{name='workloadType', value='OPERATIONAL'}]}, electionId=7fffffff00000000000001e6, setVersion=270, topologyVersion=TopologyVersion{processId=67fd6a72f933067d30ea3ef7, counter=6}, lastWriteDate=Sun Apr 27 19:14:50 EDT 2025, lastUpdateTimeNanos=814629310571900}
2025-04-27T19:14:51.705-04:00  INFO 3924 --- [backend] [ngodb.net:27017] org.mongodb.driver.cluster               : Monitor thread successfully connected to server with description ServerDescription{address=ac-5k3cbmq-shard-00-02.ufmn5ap.mongodb.net:27017, type=REPLICA_SET_SECONDARY, cryptd=false, state=CONNECTED, ok=true, minWireVersion=0, maxWireVersion=25, maxDocumentSize=16777216, logicalSessionTimeoutMinutes=30, roundTripTimeNanos=1169114400, minRoundTripTimeNanos=0, setName='atlas-djnsze-shard-0', canonicalAddress=ac-5k3cbmq-shard-00-02.ufmn5ap.mongodb.net:27017, hosts=[ac-5k3cbmq-shard-00-02.ufmn5ap.mongodb.net:27017, ac-5k3cbmq-shard-00-00.ufmn5ap.mongodb.net:27017, ac-5k3cbmq-shard-00-01.ufmn5ap.mongodb.net:27017], passives=[], arbiters=[], primary='ac-5k3cbmq-shard-00-01.ufmn5ap.mongodb.net:27017', tagSet=TagSet{[Tag{name='availabilityZone', value='use1-az1'}, Tag{name='diskState', value='READY'}, Tag{name='nodeType', value='ELECTABLE'}, Tag{name='provider', value='AWS'}, Tag{name='region', value='US_EAST_1'}, Tag{name='workloadType', value='OPERATIONAL'}]}, electionId=null, setVersion=270, topologyVersion=TopologyVersion{processId=67fd6abac4b990e32a5ec396, counter=3}, lastWriteDate=Sun Apr 27 19:14:50 EDT 2025, lastUpdateTimeNanos=814629309965200}
2025-04-27T19:14:51.737-04:00  INFO 3924 --- [backend] [ngodb.net:27017] org.mongodb.driver.cluster               : Discovered replica set primary ac-5k3cbmq-shard-00-01.ufmn5ap.mongodb.net:27017 with max election id 7fffffff00000000000001e6 and max set version 270
2025-04-27T19:14:56.208-04:00  INFO 3924 --- [backend] [           main] c.m.backend.BackendApplicationTests      : Started BackendApplicationTests in 18.803 seconds (process running for 25.808)
]]></system-out>
    <system-err><![CDATA[Mockito is currently self-attaching to enable the inline-mock-maker. This will no longer work in future releases of the JDK. Please add Mockito as an agent to your build what is described in Mockito's documentation: https://javadoc.io/doc/org.mockito/mockito-core/latest/org/mockito/Mockito.html#0.3
WARNING: A Java agent has been loaded dynamically (C:\Users\chernysn\.m2\repository\net\bytebuddy\byte-buddy-agent\1.15.11\byte-buddy-agent-1.15.11.jar)
WARNING: If a serviceability tool is in use, please run with -XX:+EnableDynamicAgentLoading to hide this warning
WARNING: If a serviceability tool is not in use, please run with -Djdk.instrument.traceUsage for more information
WARNING: Dynamic loading of agents will be disallowed by default in a future release
]]></system-err>
  </testcase>
</testsuite>